<?xml version="1.0" encoding="UTF-8"?>
<testng-results ignored="0" total="1" passed="1" failed="0" skipped="0">
  <reporter-output>
  </reporter-output>
  <suite started-at="2024-03-27T11:53:59 IST" name="Default suite" finished-at="2024-03-27T11:54:01 IST" duration-ms="2525">
    <groups>
    </groups>
    <test started-at="2024-03-27T11:53:59 IST" name="Default test" finished-at="2024-03-27T11:54:01 IST" duration-ms="2525">
      <class name="basics.DynamicJson">
        <test-method signature="addBook()[pri:0, instance:basics.DynamicJson@10d307f1]" started-at="2024-03-27T11:53:59 IST" name="addBook" finished-at="2024-03-27T11:54:01 IST" duration-ms="2477" status="PASS">
          <reporter-output>
          </reporter-output>
        </test-method> <!-- addBook -->
      </class> <!-- basics.DynamicJson -->
    </test> <!-- Default test -->
  </suite> <!-- Default suite -->
</testng-results>
